#
# There is insufficient memory for the Java Runtime Environment to continue.
# Native memory allocation (malloc) failed to allocate 211376 bytes for Chunk::new
# Possible reasons:
#   The system is out of physical RAM or swap space
#   The process is running with CompressedOops enabled, and the Java Heap may be blocking the growth of the native heap
# Possible solutions:
#   Reduce memory load on the system
#   Increase physical memory or swap space
#   Check if swap backing store is full
#   Decrease Java heap size (-Xmx/-Xms)
#   Decrease number of Java threads
#   Decrease Java thread stack sizes (-Xss)
#   Set larger code cache with -XX:ReservedCodeCacheSize=
#   JVM is running with Unscaled Compressed Oops mode in which the Java heap is
#     placed in the first 4GB address space. The Java Heap base address is the
#     maximum limit for the native heap growth. Please use -XX:HeapBaseMinAddress
#     to set the Java Heap base and to place the Java Heap above 4GB virtual address.
# This output file may be truncated or incomplete.
#
#  Out of Memory Error (allocation.cpp:389), pid=8788, tid=0x0000000000001c9c
#
# JRE version: Java(TM) SE Runtime Environment (8.0_202-b08) (build 1.8.0_202-b08)
# Java VM: Java HotSpot(TM) 64-Bit Server VM (25.202-b08 mixed mode windows-amd64 compressed oops)
# Failed to write core dump. Minidumps are not enabled by default on client versions of Windows
#

---------------  T H R E A D  ---------------

Current thread (0x0000000014d16800):  JavaThread "C2 CompilerThread0" daemon [_thread_in_native, id=7324, stack(0x0000000016340000,0x0000000016440000)]

Stack: [0x0000000016340000,0x0000000016440000]
[error occurred during error reporting (printing stack bounds), id 0xc0000005]

Native frames: (J=compiled Java code, j=interpreted, Vv=VM code, C=native code)


Current CompileTask:
C2:  23383 1691   !   4       java.net.URL::<init> (543 bytes)


---------------  P R O C E S S  ---------------

Java Threads: ( => current thread )
  0x0000000017b7a800 JavaThread "Okio Watchdog" daemon [_thread_blocked, id=18400, stack(0x0000000019a70000,0x0000000019b70000)]
  0x0000000017b7e000 JavaThread "OkHttp ConnectionPool" daemon [_thread_blocked, id=11272, stack(0x0000000019970000,0x0000000019a70000)]
  0x0000000017b63800 JavaThread "Exec Stream Pumper" daemon [_thread_in_native, id=12776, stack(0x0000000019570000,0x0000000019670000)]
  0x0000000017c30800 JavaThread "Exec Stream Pumper" daemon [_thread_in_native, id=18404, stack(0x0000000019470000,0x0000000019570000)]
  0x00000000177e4000 JavaThread "UrlChecker-2" daemon [_thread_blocked, id=17216, stack(0x0000000019370000,0x0000000019470000)]
  0x0000000017c30000 JavaThread "Exec Default Executor" daemon [_thread_in_native, id=17700, stack(0x0000000019050000,0x0000000019150000)]
  0x0000000017827000 JavaThread "ReaderThread" [_thread_in_native, id=18080, stack(0x0000000018850000,0x0000000018950000)]
  0x0000000016669000 JavaThread "Service Thread" daemon [_thread_blocked, id=11144, stack(0x0000000016a40000,0x0000000016b40000)]
  0x0000000014d41800 JavaThread "C1 CompilerThread2" daemon [_thread_in_native, id=5032, stack(0x0000000016540000,0x0000000016640000)]
  0x0000000014d1c800 JavaThread "C2 CompilerThread1" daemon [_thread_in_native, id=320, stack(0x0000000016440000,0x0000000016540000)]
=>0x0000000014d16800 JavaThread "C2 CompilerThread0" daemon [_thread_in_native, id=7324, stack(0x0000000016340000,0x0000000016440000)]
  0x0000000014d14800 JavaThread "Attach Listener" daemon [_thread_blocked, id=8736, stack(0x0000000016240000,0x0000000016340000)]
  0x0000000014d13800 JavaThread "Signal Dispatcher" daemon [_thread_blocked, id=2204, stack(0x0000000016140000,0x0000000016240000)]
  0x0000000014cfd000 JavaThread "Finalizer" daemon [_thread_blocked, id=11100, stack(0x0000000015f60000,0x0000000016060000)]
  0x0000000014cfa000 JavaThread "Reference Handler" daemon [_thread_blocked, id=18928, stack(0x0000000015e60000,0x0000000015f60000)]
  0x0000000002646000 JavaThread "Forwarding findElement on session 18de347f1f5561bbb5024599af3309c0 to remote" [_thread_in_native, id=13980, stack(0x0000000002540000,0x0000000002640000)]

Other Threads:
  0x0000000014cd7800 VMThread [stack: 0x0000000015d60000,0x0000000015e60000] [id=17032]
  0x00000000166dc800 WatcherThread [stack: 0x0000000016b40000,0x0000000016c40000] [id=11704]

VM state:not at safepoint (normal execution)

VM Mutex/Monitor currently owned by a thread: None

heap address: 0x00000000c1c00000, size: 996 MB, Compressed Oops mode: 32-bit
Narrow klass base: 0x0000000000000000, Narrow klass shift: 3
Compressed class space size: 1073741824 Address: 0x0000000100000000

Heap:
 PSYoungGen      total 18944K, used 16454K [0x00000000eb400000, 0x00000000ec900000, 0x0000000100000000)
  eden space 16384K, 84% used [0x00000000eb400000,0x00000000ec194230,0x00000000ec400000)
  from space 2560K, 99% used [0x00000000ec400000,0x00000000ec67d6b8,0x00000000ec680000)
  to   space 2560K, 0% used [0x00000000ec680000,0x00000000ec680000,0x00000000ec900000)
 ParOldGen       total 44032K, used 5637K [0x00000000c1c00000, 0x00000000c4700000, 0x00000000eb400000)
  object space 44032K, 12% used [0x00000000c1c00000,0x00000000c21814b8,0x00000000c4700000)
 Metaspace       used 18171K, capacity 19124K, committed 19456K, reserved 1067008K
  class space    used 2294K, capacity 2514K, committed 2560K, reserved 1048576K

Card table byte_map: [0x0000000011b00000,0x0000000011d00000] byte_map_base: 0x00000000114f2000

Marking Bits: (ParMarkBitMap*) 0x0000000068e45ce0
 Begin Bits: [0x0000000012250000, 0x00000000131e0000)
 End Bits:   [0x00000000131e0000, 0x0000000014170000)

Polling page: 0x0000000000aa0000

CodeCache: size=245760Kb used=5716Kb max_used=5726Kb free=240043Kb
 bounds [0x0000000002740000, 0x0000000002ce0000, 0x0000000011740000]
 total_blobs=2122 nmethods=1695 adapters=339
 compilation: enabled

Compilation events (10 events):
Event: 23.135 Thread 0x0000000014d1c800 1693       4       java.net.URLStreamHandler::setURL (40 bytes)
Event: 23.138 Thread 0x0000000014d41800 1695       3       java.util.ArrayList$Itr::next (66 bytes)
Event: 23.139 Thread 0x0000000014d41800 nmethod 1695 0x0000000002cd4710 code [0x0000000002cd48c0, 0x0000000002cd4da8]
Event: 23.139 Thread 0x0000000014d1c800 nmethod 1693 0x0000000002cd4110 code [0x0000000002cd4260, 0x0000000002cd4578]
Event: 23.139 Thread 0x0000000014d1c800 1694   !   4       java.net.URL::set (114 bytes)
Event: 23.139 Thread 0x0000000014d41800 1697       3       sun.misc.ProxyGenerator$ConstantPool::getMethodRef (33 bytes)
Event: 23.141 Thread 0x0000000014d41800 nmethod 1697 0x0000000002cd8c10 code [0x0000000002cd8ea0, 0x0000000002cd9c48]
Event: 23.141 Thread 0x0000000014d41800 1698       3       java.io.DataOutputStream::writeUTF (435 bytes)
Event: 23.141 Thread 0x0000000014d1c800 nmethod 1694 0x0000000002cda750 code [0x0000000002cda8a0, 0x0000000002cdab78]
Event: 23.141 Thread 0x0000000014d1c800 1696       4       java.util.ArrayList::add (29 bytes)

GC Heap History (6 events):
Event: 1.536 GC heap before
{Heap before GC invocations=1 (full 0):
 PSYoungGen      total 18944K, used 16384K [0x00000000eb400000, 0x00000000ec900000, 0x0000000100000000)
  eden space 16384K, 100% used [0x00000000eb400000,0x00000000ec400000,0x00000000ec400000)
  from space 2560K, 0% used [0x00000000ec680000,0x00000000ec680000,0x00000000ec900000)
  to   space 2560K, 0% used [0x00000000ec400000,0x00000000ec400000,0x00000000ec680000)
 ParOldGen       total 44032K, used 0K [0x00000000c1c00000, 0x00000000c4700000, 0x00000000eb400000)
  object space 44032K, 0% used [0x00000000c1c00000,0x00000000c1c00000,0x00000000c4700000)
 Metaspace       used 8773K, capacity 8936K, committed 9088K, reserved 1056768K
  class space    used 1004K, capacity 1068K, committed 1152K, reserved 1048576K
Event: 1.541 GC heap after
Heap after GC invocations=1 (full 0):
 PSYoungGen      total 18944K, used 2556K [0x00000000eb400000, 0x00000000ec900000, 0x0000000100000000)
  eden space 16384K, 0% used [0x00000000eb400000,0x00000000eb400000,0x00000000ec400000)
  from space 2560K, 99% used [0x00000000ec400000,0x00000000ec67f050,0x00000000ec680000)
  to   space 2560K, 0% used [0x00000000ec680000,0x00000000ec680000,0x00000000ec900000)
 ParOldGen       total 44032K, used 987K [0x00000000c1c00000, 0x00000000c4700000, 0x00000000eb400000)
  object space 44032K, 2% used [0x00000000c1c00000,0x00000000c1cf6ff0,0x00000000c4700000)
 Metaspace       used 8773K, capacity 8936K, committed 9088K, reserved 1056768K
  class space    used 1004K, capacity 1068K, committed 1152K, reserved 1048576K
}
Event: 2.071 GC heap before
{Heap before GC invocations=2 (full 0):
 PSYoungGen      total 18944K, used 18940K [0x00000000eb400000, 0x00000000ec900000, 0x0000000100000000)
  eden space 16384K, 100% used [0x00000000eb400000,0x00000000ec400000,0x00000000ec400000)
  from space 2560K, 99% used [0x00000000ec400000,0x00000000ec67f050,0x00000000ec680000)
  to   space 2560K, 0% used [0x00000000ec680000,0x00000000ec680000,0x00000000ec900000)
 ParOldGen       total 44032K, used 987K [0x00000000c1c00000, 0x00000000c4700000, 0x00000000eb400000)
  object space 44032K, 2% used [0x00000000c1c00000,0x00000000c1cf6ff0,0x00000000c4700000)
 Metaspace       used 13489K, capacity 13950K, committed 14080K, reserved 1060864K
  class space    used 1617K, capacity 1746K, committed 1792K, reserved 1048576K
Event: 2.080 GC heap after
Heap after GC invocations=2 (full 0):
 PSYoungGen      total 18944K, used 2528K [0x00000000eb400000, 0x00000000ec900000, 0x0000000100000000)
  eden space 16384K, 0% used [0x00000000eb400000,0x00000000eb400000,0x00000000ec400000)
  from space 2560K, 98% used [0x00000000ec680000,0x00000000ec8f8040,0x00000000ec900000)
  to   space 2560K, 0% used [0x00000000ec400000,0x00000000ec400000,0x00000000ec680000)
 ParOldGen       total 44032K, used 3260K [0x00000000c1c00000, 0x00000000c4700000, 0x00000000eb400000)
  object space 44032K, 7% used [0x00000000c1c00000,0x00000000c1f2f338,0x00000000c4700000)
 Metaspace       used 13489K, capacity 13950K, committed 14080K, reserved 1060864K
  class space    used 1617K, capacity 1746K, committed 1792K, reserved 1048576K
}
Event: 3.083 GC heap before
{Heap before GC invocations=3 (full 0):
 PSYoungGen      total 18944K, used 18912K [0x00000000eb400000, 0x00000000ec900000, 0x0000000100000000)
  eden space 16384K, 100% used [0x00000000eb400000,0x00000000ec400000,0x00000000ec400000)
  from space 2560K, 98% used [0x00000000ec680000,0x00000000ec8f8040,0x00000000ec900000)
  to   space 2560K, 0% used [0x00000000ec400000,0x00000000ec400000,0x00000000ec680000)
 ParOldGen       total 44032K, used 3260K [0x00000000c1c00000, 0x00000000c4700000, 0x00000000eb400000)
  object space 44032K, 7% used [0x00000000c1c00000,0x00000000c1f2f338,0x00000000c4700000)
 Metaspace       used 15637K, capacity 16382K, committed 16512K, reserved 1062912K
  class space    used 1914K, capacity 2109K, committed 2176K, reserved 1048576K
Event: 3.089 GC heap after
Heap after GC invocations=3 (full 0):
 PSYoungGen      total 18944K, used 2549K [0x00000000eb400000, 0x00000000ec900000, 0x0000000100000000)
  eden space 16384K, 0% used [0x00000000eb400000,0x00000000eb400000,0x00000000ec400000)
  from space 2560K, 99% used [0x00000000ec400000,0x00000000ec67d6b8,0x00000000ec680000)
  to   space 2560K, 0% used [0x00000000ec680000,0x00000000ec680000,0x00000000ec900000)
 ParOldGen       total 44032K, used 5637K [0x00000000c1c00000, 0x00000000c4700000, 0x00000000eb400000)
  object space 44032K, 12% used [0x00000000c1c00000,0x00000000c21814b8,0x00000000c4700000)
 Metaspace       used 15637K, capacity 16382K, committed 16512K, reserved 1062912K
  class space    used 1914K, capacity 2109K, committed 2176K, reserved 1048576K
}

Deoptimization events (10 events):
Event: 3.145 Thread 0x0000000002646000 Uncommon trap: reason=class_check action=maybe_recompile pc=0x0000000002bfd404 method=java.util.regex.Matcher.search(I)Z @ 86
Event: 3.145 Thread 0x0000000002646000 Uncommon trap: reason=class_check action=maybe_recompile pc=0x0000000002bb85b4 method=java.util.regex.Pattern$Curly.match(Ljava/util/regex/Matcher;ILjava/lang/CharSequence;)Z @ 19
Event: 3.158 Thread 0x0000000002646000 Uncommon trap: reason=class_check action=maybe_recompile pc=0x0000000002bb85b4 method=java.util.regex.Pattern$Curly.match(Ljava/util/regex/Matcher;ILjava/lang/CharSequence;)Z @ 19
Event: 3.158 Thread 0x0000000002646000 Uncommon trap: reason=class_check action=maybe_recompile pc=0x0000000002bb85b4 method=java.util.regex.Pattern$Curly.match(Ljava/util/regex/Matcher;ILjava/lang/CharSequence;)Z @ 19
Event: 3.214 Thread 0x0000000002646000 Uncommon trap: reason=unstable_if action=reinterpret pc=0x0000000002b9a528 method=java.util.regex.Pattern$BmpCharProperty.match(Ljava/util/regex/Matcher;ILjava/lang/CharSequence;)Z @ 34
Event: 9.850 Thread 0x0000000002646000 Uncommon trap: reason=class_check action=maybe_recompile pc=0x0000000002c9e504 method=org.openqa.selenium.json.Input.init()V @ 18
Event: 9.850 Thread 0x0000000002646000 Uncommon trap: reason=class_check action=maybe_recompile pc=0x0000000002c9e504 method=org.openqa.selenium.json.Input.init()V @ 18
Event: 9.850 Thread 0x0000000002646000 Uncommon trap: reason=class_check action=maybe_recompile pc=0x0000000002c9e504 method=org.openqa.selenium.json.Input.init()V @ 18
Event: 9.850 Thread 0x0000000002646000 Uncommon trap: reason=class_check action=maybe_recompile pc=0x0000000002c9e504 method=org.openqa.selenium.json.Input.init()V @ 18
Event: 23.139 Thread 0x0000000002646000 Uncommon trap: reason=bimorphic action=maybe_recompile pc=0x0000000002b92aa0 method=java.util.HashMap.putVal(ILjava/lang/Object;Ljava/lang/Object;ZZ)Ljava/lang/Object; @ 203

Classes redefined (0 events):
No events

Internal exceptions (10 events):
Event: 1.718 Thread 0x0000000002646000 Exception <a 'java/lang/ArrayIndexOutOfBoundsException': 65> (0x00000000eba0c9e0) thrown at [C:\re\workspace\8-2-build-windows-amd64-cygwin\jdk8u202\12323\hotspot\src\share\vm\interpreter\interpreterRuntime.cpp, line 368]
Event: 1.719 Thread 0x0000000002646000 Exception <a 'java/lang/ArrayIndexOutOfBoundsException': 60> (0x00000000eba12358) thrown at [C:\re\workspace\8-2-build-windows-amd64-cygwin\jdk8u202\12323\hotspot\src\share\vm\interpreter\interpreterRuntime.cpp, line 368]
Event: 2.961 Thread 0x00000000177e4000 Exception <a 'java/net/SocketTimeoutException': connect timed out> (0x00000000ec02bcc8) thrown at [C:\re\workspace\8-2-build-windows-amd64-cygwin\jdk8u202\12323\hotspot\src\share\vm\prims\jni.cpp, line 736]
Event: 2.995 Thread 0x0000000002646000 Exception <a 'java/lang/IncompatibleClassChangeError': Found class java.lang.Object, but interface was expected> (0x00000000ec10ed08) thrown at [C:\re\workspace\8-2-build-windows-amd64-cygwin\jdk8u202\12323\hotspot\src\share\vm\interpreter\linkResolver.cp
Event: 2.997 Thread 0x0000000002646000 Exception <a 'java/lang/NoSuchMethodError': java.lang.Object.lambda$or$2(Ljava/util/function/Predicate;Ljava/lang/Object;)Z> (0x00000000ec118d50) thrown at [C:\re\workspace\8-2-build-windows-amd64-cygwin\jdk8u202\12323\hotspot\src\share\vm\interpreter\lin
Event: 3.093 Thread 0x0000000002646000 Exception <a 'java/lang/NoSuchMethodError': java.lang.Object.lambda$chars$0()Ljava/util/Spliterator$OfInt;> (0x00000000eb431548) thrown at [C:\re\workspace\8-2-build-windows-amd64-cygwin\jdk8u202\12323\hotspot\src\share\vm\interpreter\linkResolver.cpp, li
Event: 10.028 Thread 0x0000000002646000 Exception <a 'java/lang/NoSuchMethodError': java.lang.Object.lambda$getResponseFunction$0(Lorg/openqa/selenium/remote/InitialHandshakeResponse;)Lorg/openqa/selenium/remote/ProtocolHandshake$Result;> (0x00000000ebe04b60) thrown at [C:\re\workspace\8-2-buil
Event: 12.619 Thread 0x0000000002646000 Exception <a 'java/net/SocketTimeoutException': Read timed out> (0x00000000ebf69240) thrown at [C:\re\workspace\8-2-build-windows-amd64-cygwin\jdk8u202\12323\hotspot\src\share\vm\prims\jni.cpp, line 736]
Event: 12.743 Thread 0x0000000002646000 Exception <a 'java/net/SocketTimeoutException': Read timed out> (0x00000000ebf87830) thrown at [C:\re\workspace\8-2-build-windows-amd64-cygwin\jdk8u202\12323\hotspot\src\share\vm\prims\jni.cpp, line 736]
Event: 12.747 Thread 0x0000000002646000 Exception <a 'java/net/SocketTimeoutException': Read timed out> (0x00000000ebf9e340) thrown at [C:\re\workspace\8-2-build-windows-amd64-cygwin\jdk8u202\12323\hotspot\src\share\vm\prims\jni.cpp, line 736]

Events (10 events):
Event: 23.138 loading class org/openqa/selenium/support/PageFactoryFinder
Event: 23.138 loading class org/openqa/selenium/support/PageFactoryFinder done
Event: 23.139 Thread 0x0000000002646000 Uncommon trap: trap_request=0xffffffc6 fr.pc=0x0000000002b92aa0
Event: 23.139 Thread 0x0000000002646000 DEOPT PACKING pc=0x0000000002b92aa0 sp=0x000000000263d190
Event: 23.139 Thread 0x0000000002646000 DEOPT UNPACKING pc=0x000000000278583b sp=0x000000000263d0b8 mode 2
Event: 23.141 loading class org/openqa/selenium/support/FindBys
Event: 23.141 loading class org/openqa/selenium/support/FindBys done
Event: 23.141 loading class org/openqa/selenium/support/FindAll
Event: 23.141 loading class org/openqa/selenium/support/FindAll done
Event: 23.142 loading class java/lang/annotation/ElementType


Dynamic libraries:
0x00007ff613d30000 - 0x00007ff613d67000 	C:\Program Files\Java\jdk1.8.0_202\bin\javaw.exe
0x00007ffffdc60000 - 0x00007ffffde22000 	C:\Windows\SYSTEM32\ntdll.dll
0x00007ffffbc60000 - 0x00007ffffbd0d000 	C:\Windows\system32\KERNEL32.DLL
0x00007ffffb150000 - 0x00007ffffb32d000 	C:\Windows\system32\KERNELBASE.dll
0x00007ffffba50000 - 0x00007ffffbaf6000 	C:\Windows\system32\ADVAPI32.dll
0x00007ffffdb60000 - 0x00007ffffdbfd000 	C:\Windows\system32\msvcrt.dll
0x00007ffffb8c0000 - 0x00007ffffb91b000 	C:\Windows\system32\sechost.dll
0x00007ffffd700000 - 0x00007ffffd826000 	C:\Windows\system32\RPCRT4.dll
0x00007ffffd5b0000 - 0x00007ffffd6fe000 	C:\Windows\system32\USER32.dll
0x00007ffffbe60000 - 0x00007ffffbfe5000 	C:\Windows\system32\GDI32.dll
0x00007fffebe70000 - 0x00007fffec0e4000 	C:\Windows\WinSxS\amd64_microsoft.windows.common-controls_6595b64144ccf1df_6.0.10240.16384_none_f41f7b285750ef43\COMCTL32.dll
0x00007ffffb330000 - 0x00007ffffb366000 	C:\Windows\system32\IMM32.DLL
0x00007ffffbb00000 - 0x00007ffffbc5c000 	C:\Windows\system32\MSCTF.dll
0x0000000068ed0000 - 0x0000000068fa2000 	C:\Program Files\Java\jdk1.8.0_202\jre\bin\msvcr100.dll
0x0000000068620000 - 0x0000000068ec5000 	C:\Program Files\Java\jdk1.8.0_202\jre\bin\server\jvm.dll
0x00007ffffd5a0000 - 0x00007ffffd5a8000 	C:\Windows\system32\PSAPI.DLL
0x00007ffff4000000 - 0x00007ffff4009000 	C:\Windows\SYSTEM32\WSOCK32.dll
0x00007ffff42a0000 - 0x00007ffff42c3000 	C:\Windows\SYSTEM32\WINMM.dll
0x00007ffffb9e0000 - 0x00007ffffba49000 	C:\Windows\system32\WS2_32.dll
0x00007ffffc060000 - 0x00007ffffc068000 	C:\Windows\system32\NSI.dll
0x00007ffff1cc0000 - 0x00007ffff1cca000 	C:\Windows\SYSTEM32\VERSION.dll
0x00007ffff4270000 - 0x00007ffff429c000 	C:\Windows\SYSTEM32\WINMMBASE.dll
0x00007ffffaa20000 - 0x00007ffffaa64000 	C:\Windows\system32\cfgmgr32.dll
0x00007ffff8f60000 - 0x00007ffff8f87000 	C:\Windows\SYSTEM32\DEVOBJ.dll
0x00007ffff8c40000 - 0x00007ffff8c4f000 	C:\Program Files\Java\jdk1.8.0_202\jre\bin\verify.dll
0x00007fffeb510000 - 0x00007fffeb539000 	C:\Program Files\Java\jdk1.8.0_202\jre\bin\java.dll
0x00007ffff5c00000 - 0x00007ffff5c16000 	C:\Program Files\Java\jdk1.8.0_202\jre\bin\zip.dll
0x00007ffffc070000 - 0x00007ffffd595000 	C:\Windows\system32\SHELL32.dll
0x00007ffffaa70000 - 0x00007ffffb098000 	C:\Windows\system32\windows.storage.dll
0x00007ffffd8e0000 - 0x00007ffffdb5c000 	C:\Windows\system32\combase.dll
0x00007ffffdc00000 - 0x00007ffffdc51000 	C:\Windows\system32\shlwapi.dll
0x00007ffffa700000 - 0x00007ffffa70f000 	C:\Windows\system32\kernel.appcore.dll
0x00007ffffa900000 - 0x00007ffffa9b3000 	C:\Windows\system32\shcore.dll
0x00007ffffa690000 - 0x00007ffffa6da000 	C:\Windows\system32\powrprof.dll
0x00007ffffa710000 - 0x00007ffffa723000 	C:\Windows\system32\profapi.dll
0x00007ffff3b10000 - 0x00007ffff3b2a000 	C:\Program Files\Java\jdk1.8.0_202\jre\bin\net.dll
0x00007ffff1970000 - 0x00007ffff1b07000 	C:\Windows\SYSTEM32\urlmon.dll
0x00007ffff2fe0000 - 0x00007ffff3356000 	C:\Windows\SYSTEM32\iertutil.dll
0x00007ffffa0d0000 - 0x00007ffffa0db000 	C:\Windows\SYSTEM32\CRYPTBASE.dll
0x00007ffffa4e0000 - 0x00007ffffa54b000 	C:\Windows\SYSTEM32\bcryptPrimitives.dll
0x00007ffff9f00000 - 0x00007ffff9f5d000 	C:\Windows\system32\mswsock.dll
0x00007ffff9ca0000 - 0x00007ffff9d48000 	C:\Windows\SYSTEM32\DNSAPI.dll
0x00007ffff28d0000 - 0x00007ffff28da000 	C:\Windows\System32\rasadhlp.dll
0x00007ffff5560000 - 0x00007ffff55c8000 	C:\Windows\System32\fwpuclnt.dll
0x00007ffffa1d0000 - 0x00007ffffa1f8000 	C:\Windows\SYSTEM32\bcrypt.dll
0x00007ffff9f60000 - 0x00007ffff9f77000 	C:\Windows\SYSTEM32\CRYPTSP.dll
0x00007ffff9b50000 - 0x00007ffff9b83000 	C:\Windows\system32\rsaenh.dll
0x00007ffff9d50000 - 0x00007ffff9d6f000 	C:\Windows\SYSTEM32\USERENV.dll
0x00007ffff5630000 - 0x00007ffff5668000 	C:\Windows\SYSTEM32\IPHLPAPI.DLL
0x00007ffff5620000 - 0x00007ffff562b000 	C:\Windows\SYSTEM32\WINNSI.DLL
0x00007ffff4ba0000 - 0x00007ffff4bb6000 	C:\Windows\SYSTEM32\dhcpcsvc6.DLL
0x00007ffff4f60000 - 0x00007ffff4f7a000 	C:\Windows\SYSTEM32\dhcpcsvc.DLL
0x00007ffff3590000 - 0x00007ffff35a2000 	C:\Program Files\Java\jdk1.8.0_202\jre\bin\nio.dll
0x00007fffeb4e0000 - 0x00007fffeb504000 	C:\Program Files\Java\jdk1.8.0_202\jre\bin\sunec.dll
0x00007ffff5c40000 - 0x00007ffff5c4b000 	C:\Program Files\Java\jdk1.8.0_202\jre\bin\sunmscapi.dll
0x00007ffffa730000 - 0x00007ffffa8f1000 	C:\Windows\system32\CRYPT32.dll
0x00007ffffa6e0000 - 0x00007ffffa6f1000 	C:\Windows\system32\MSASN1.dll

VM Arguments:
jvm_args: -ea -Dfile.encoding=Cp1252 
java_command: org.testng.remote.RemoteTestNG -serport 49714 -protocol json -d E:\javabatch\Casestudy_Assigement_2\test-output C:\Users\Vicky\AppData\Local\Temp\testng-eclipse-2106750969\testng-customsuite.xml
java_class_path (initial): C:\Program Files\Java\eclipse\jee-2021-12\eclipse\configuration\org.eclipse.osgi\1896\0\.cp\lib\testng-remote.jar;E:\javabatch\Casestudy_Assigement_2\target\test-classes;E:\javabatch\Casestudy_Assigement_2\target\classes;C:\Users\Vicky\.m2\repository\org\seleniumhq\selenium\selenium-java\3.141.59\selenium-java-3.141.59.jar;C:\Users\Vicky\.m2\repository\org\seleniumhq\selenium\selenium-api\3.141.59\selenium-api-3.141.59.jar;C:\Users\Vicky\.m2\repository\org\seleniumhq\selenium\selenium-chrome-driver\3.141.59\selenium-chrome-driver-3.141.59.jar;C:\Users\Vicky\.m2\repository\org\seleniumhq\selenium\selenium-edge-driver\3.141.59\selenium-edge-driver-3.141.59.jar;C:\Users\Vicky\.m2\repository\org\seleniumhq\selenium\selenium-firefox-driver\3.141.59\selenium-firefox-driver-3.141.59.jar;C:\Users\Vicky\.m2\repository\org\seleniumhq\selenium\selenium-ie-driver\3.141.59\selenium-ie-driver-3.141.59.jar;C:\Users\Vicky\.m2\repository\org\seleniumhq\selenium\selenium-opera-driver\3.141.59\selenium-opera-driver-3.141.59.jar;C:\Users\Vicky\.m2\repository\org\seleniumhq\selenium\selenium-remote-driver\3.141.59\selenium-remote-driver-3.141.59.jar;C:\Users\Vicky\.m2\repository\org\seleniumhq\selenium\selenium-safari-driver\3.141.59\selenium-safari-driver-3.141.59.jar;C:\Users\Vicky\.m2\repository\org\seleniumhq\selenium\selenium-support\3.141.59\selenium-support-3.141.59.jar;C:\Users\Vicky\.m2\repository\net\bytebuddy\byte-buddy\1.8.15\byte-buddy-1.8.15.jar;C:\Users\Vicky\.m2\repository\org\apache\commons\commons-exec\1.3\commons-exec-1.3.jar;C:\Users\Vicky\.m2\repository\com\google\guava\guava\25.0-jre\guava-25.0-jre.jar;C:\Users\Vicky\.m2\repository\com\google\code\findbugs\jsr305\1.3.9\jsr305-1.3.9.jar;C:\Users\Vicky\.m2\repository\org\checkerframework\checker-compat-qual\2.0.0\checker-compat-qual-2.0.0.jar;C:\Users\Vicky\.m2\repository\com\google\errorprone\error_prone_annotations\2.1.3\error_prone_annotations-2.1.3.jar;C:\Users\Vicky\.m2\repository\co
Launcher Type: SUN_STANDARD

Environment Variables:
PATH=C:/Users/Vicky/.p2/pool/plugins/org.eclipse.justj.openjdk.hotspot.jre.full.win32.x86_64_17.0.2.v20220201-1208/jre/bin/server;C:/Users/Vicky/.p2/pool/plugins/org.eclipse.justj.openjdk.hotspot.jre.full.win32.x86_64_17.0.2.v20220201-1208/jre/bin;C:\Program Files\Java\jdk1.8.0_202\bin;E:\Git\cmd;C:\Program Files\MySQL\MySQL Shell 8.0\bin\;C:\Users\Vicky\Desktop;
USERNAME=Vicky
OS=Windows_NT
PROCESSOR_IDENTIFIER=Intel64 Family 6 Model 142 Stepping 9, GenuineIntel



---------------  S Y S T E M  ---------------

OS: Windows 10.0 , 64 bit Build 10240 (10.0.10240.16384)

CPU:total 4 (initial active 4) (2 cores per cpu, 2 threads per core) family 6 model 142 stepping 9, cmov, cx8, fxsr, mmx, sse, sse2, sse3, ssse3, sse4.1, sse4.2, popcnt, avx, avx2, aes, clmul, erms, 3dnowpref, lzcnt, ht, tsc, tscinvbit, bmi1, bmi2, adx

Memory: 4k page, physical 4077800k(172052k free), swap 7661800k(524k free)

vm_info: Java HotSpot(TM) 64-Bit Server VM (25.202-b08) for windows-amd64 JRE (1.8.0_202-b08), built on Dec 15 2018 19:54:30 by "java_re" with MS VC++ 10.0 (VS2010)

time: Sun Jul 17 19:34:26 2022
timezone: India Standard Time
elapsed time: 23 seconds (0d 0h 0m 23s)

